app/build/intermediates/manifest_merge_blame_file/debug/manifest-merger-blame-debug-report.txt
1<?xml version="1.0" encoding="utf-8"?>
2<!--
3 ! Excerpted from "OpenGL ES for Android",
4 ! published by The Pragmatic Bookshelf.
5 ! Copyrights apply to this code. It may not be used to create training material, 
6 ! courses, books, articles, and the like. Contact us if you are in doubt.
7 ! We make no guarantees that this code is fit for any purpose. 
8 ! Visit http://www.pragmaticprogrammer.com/titles/kbogla for more book information.
9-->
10<manifest xmlns:android="http://schemas.android.com/apk/res/android"
11    package="com.airhockey.android"
12    android:versionCode="1"
13    android:versionName="1.0" >
14
15    <uses-sdk
15-->src\main\AndroidManifest.xml:15:5-47
16        android:minSdkVersion="10"
16-->src\main\AndroidManifest.xml:15:5-47
17        android:targetSdkVersion="15" />
17-->src\main\AndroidManifest.xml:15:15-44
18
19    <application
19-->src\main\AndroidManifest.xml:17:5-29:19
20        android:debuggable="true"
21        android:icon="@drawable/ic_launcher"
21-->src\main\AndroidManifest.xml:18:9-45
22        android:label="@string/app_name"
22-->src\main\AndroidManifest.xml:19:9-41
23        android:testOnly="true" >
24        <activity
24-->src\main\AndroidManifest.xml:20:9-28:20
25            android:name="com.airhockey.android.AirHockeyActivity"
25-->src\main\AndroidManifest.xml:21:13-67
26            android:label="@string/app_name" >
26-->src\main\AndroidManifest.xml:22:13-45
27            <intent-filter>
27-->src\main\AndroidManifest.xml:23:13-27:29
28                <action android:name="android.intent.action.MAIN" />
28-->src\main\AndroidManifest.xml:24:17-69
28-->src\main\AndroidManifest.xml:24:25-66
29
30                <category android:name="android.intent.category.LAUNCHER" />
30-->src\main\AndroidManifest.xml:26:17-77
30-->src\main\AndroidManifest.xml:26:27-74
31            </intent-filter>
32        </activity>
33    </application>
34
35</manifest>